<?xml version="1.0" encoding="UTF-8"?>
<testsuite xmlns:xsi="http://www.w3.org/2001/XMLSchema-instance" xsi:noNamespaceSchemaLocation="https://maven.apache.org/surefire/maven-surefire-plugin/xsd/surefire-test-report.xsd" name="CreateCourierTest" time="2.331" tests="4" errors="0" skipped="0" failures="0">
  <properties>
[...]
</properties>
  <testcase name="checkEmptyPasswordTest" classname="CreateCourierTest" time="1.695"/>
  <testcase name="checkEmptyLoginTest" classname="CreateCourierTest" time="0.114"/>
  <testcase name="checkSameLoginTest" classname="CreateCourierTest" time="0.379"/>
  <testcase name="checkCreateCourierTest" classname="CreateCourierTest" time="0.108"/>
</testsuite>